<?xml version="1.0" encoding="UTF-8"?>
<!-- Generated by org.testng.reporters.JUnitReportReporter -->
<testsuite hostname="LAPTOP-2TRHI9P1" failures="0" tests="6" name="Automationframework.iceHrm.icelogintest" time="21.756" errors="0" timestamp="2023-04-10T17:42:51 IST" skipped="0">
  <testcase classname="Automationframework.iceHrm.icelogintest" name="verifyLogin" time="1.649"/>
  <system-out/>
  <testcase classname="Automationframework.iceHrm.icelogintest" name="verifyLogin" time="0.244"/>
  <system-out/>
  <testcase classname="Automationframework.iceHrm.icelogintest" name="verifyLogin" time="0.251"/>
  <system-out/>
  <testcase classname="Automationframework.iceHrm.icelogintest" name="verifyLogin" time="1.446"/>
  <system-out/>
  <testcase classname="Automationframework.iceHrm.icelogintest" name="verifyLogin" time="1.576"/>
  <system-out/>
  <testcase classname="Automationframework.iceHrm.icelogintest" name="verifyLogin" time="16.590"/>
  <system-out/>
</testsuite> <!-- Automationframework.iceHrm.icelogintest -->
