<?xml version="1.0" encoding="UTF-8"?>
<!-- Generated by org.testng.reporters.JUnitReportReporter -->
<testsuite hostname="LAPTOP-2TRHI9P1" failures="0" tests="1" name="Automation.ice_hrm.com.NewTest" time="0.005" errors="0" timestamp="2023-04-21T15:19:34 IST" skipped="0">
  <testcase classname="Automation.ice_hrm.com.NewTest" name="test" time="0.005"/>
  <system-out/>
</testsuite> <!-- Automation.ice_hrm.com.NewTest -->
