<?xml version="1.0" encoding="UTF-8"?>
<!-- Generated by org.testng.reporters.JUnitReportReporter -->
<testsuite hostname="LAPTOP-2TRHI9P1" failures="0" tests="1" name="TestNgAnnotations.annitation2" time="2.946" errors="0" timestamp="2023-03-23T16:59:35 IST" skipped="0">
  <testcase classname="TestNgAnnotations.annitation2" name="login" time="2.946"/>
  <system-out/>
</testsuite> <!-- TestNgAnnotations.annitation2 -->
