<?xml version="1.0" encoding="UTF-8"?>
<!-- Generated by org.testng.reporters.JUnitReportReporter -->
<testsuite hostname="LAPTOP-2TRHI9P1" failures="0" tests="1" name="TestNgAnnotations.EmpTest" time="53.165" errors="0" timestamp="2023-04-18T13:33:44 IST" skipped="0">
  <testcase classname="TestNgAnnotations.EmpTest" name="ligin" time="53.165"/>
  <system-out/>
</testsuite> <!-- TestNgAnnotations.EmpTest -->
