<?xml version="1.0" encoding="UTF-8"?>
<!-- Generated by org.testng.reporters.JUnitReportReporter -->
<testsuite hostname="LAPTOP-2TRHI9P1" failures="0" tests="6" name="com.ice_hrm_automation.TestingExamples.IceHrmTest" time="44.372" errors="0" timestamp="2023-03-16T13:06:55 IST" skipped="0">
  <testcase classname="com.ice_hrm_automation.TestingExamples.IceHrmTest" name="verifyLoginWithInvalidUsername" time="1.664"/>
  <system-out/>
  <testcase classname="com.ice_hrm_automation.TestingExamples.IceHrmTest" name="verfyLoginWirhValidCredential" time="38.587"/>
  <system-out/>
  <testcase classname="com.ice_hrm_automation.TestingExamples.IceHrmTest" name="verifyLoginwihtwithoutusernemeandpass" time="0.297"/>
  <system-out/>
  <testcase classname="com.ice_hrm_automation.TestingExamples.IceHrmTest" name="verifyLoginwihtbothInvalidusenameandpass" time="1.688"/>
  <system-out/>
  <testcase classname="com.ice_hrm_automation.TestingExamples.IceHrmTest" name="verifyLoginWithInvalidpassword" time="1.980"/>
  <system-out/>
  <testcase classname="com.ice_hrm_automation.TestingExamples.IceHrmTest" name="verifySocialMediaLnklinkdn" time="0.156"/>
  <system-out/>
</testsuite> <!-- com.ice_hrm_automation.TestingExamples.IceHrmTest -->
