<?xml version="1.0" encoding="UTF-8"?>
<!-- Generated by org.testng.reporters.JUnitReportReporter -->
<testsuite hostname="LAPTOP-2TRHI9P1" failures="0" tests="6" name="Automationframework.iceHrm.icelogintest" time="14.086" errors="0" timestamp="2023-04-13T17:42:16 IST" skipped="0">
  <testcase classname="Automationframework.iceHrm.icelogintest" name="verifyLogin" time="1.634"/>
  <system-out/>
  <testcase classname="Automationframework.iceHrm.icelogintest" name="verifyLogin" time="1.760"/>
  <system-out/>
  <testcase classname="Automationframework.iceHrm.icelogintest" name="verifyLogin" time="1.853"/>
  <system-out/>
  <testcase classname="Automationframework.iceHrm.icelogintest" name="verifyLogin" time="0.289"/>
  <system-out/>
  <testcase classname="Automationframework.iceHrm.icelogintest" name="verifyLogin" time="0.232"/>
  <system-out/>
  <testcase classname="Automationframework.iceHrm.icelogintest" name="verifyLogin" time="8.318"/>
  <system-out/>
</testsuite> <!-- Automationframework.iceHrm.icelogintest -->
