<?xml version="1.0" encoding="UTF-8"?>
<!-- Generated by org.testng.reporters.JUnitReportReporter -->
<testsuite hostname="LAPTOP-2TRHI9P1" failures="0" tests="1" name="TestNgAnnotations.EmpTest" time="43.393" errors="0" timestamp="2023-04-19T12:56:12 IST" skipped="0">
  <testcase classname="TestNgAnnotations.EmpTest" name="ligin" time="43.393"/>
  <system-out/>
</testsuite> <!-- TestNgAnnotations.EmpTest -->
