<?xml version="1.0" encoding="UTF-8"?>
<!-- Generated by org.testng.reporters.JUnitReportReporter -->
<testsuite hostname="LAPTOP-2TRHI9P1" failures="0" tests="1" name="TestNgAnnotations.EmpTest" time="25.506" errors="0" timestamp="2023-03-23T18:02:26 IST" skipped="0">
  <testcase classname="TestNgAnnotations.EmpTest" name="ligin" time="25.506"/>
  <system-out/>
</testsuite> <!-- TestNgAnnotations.EmpTest -->
