<?xml version="1.0" encoding="UTF-8"?>
<!-- Generated by org.testng.reporters.JUnitReportReporter -->
<testsuite hostname="LAPTOP-2TRHI9P1" failures="0" tests="10" name="TestNgAnnotations.Excelltest" time="0.016" errors="0" timestamp="2023-03-19T19:56:57 IST" skipped="0">
  <testcase classname="TestNgAnnotations.Excelltest" name="test" time="0.001"/>
  <system-out/>
  <testcase classname="TestNgAnnotations.Excelltest" name="test" time="0.001"/>
  <system-out/>
  <testcase classname="TestNgAnnotations.Excelltest" name="test" time="0.003"/>
  <system-out/>
  <testcase classname="TestNgAnnotations.Excelltest" name="test" time="0.001"/>
  <system-out/>
  <testcase classname="TestNgAnnotations.Excelltest" name="test" time="0.001"/>
  <system-out/>
  <testcase classname="TestNgAnnotations.Excelltest" name="test" time="0.001"/>
  <system-out/>
  <testcase classname="TestNgAnnotations.Excelltest" name="test" time="0.006"/>
  <system-out/>
  <testcase classname="TestNgAnnotations.Excelltest" name="test" time="0.001"/>
  <system-out/>
  <testcase classname="TestNgAnnotations.Excelltest" name="test" time="0.000"/>
  <system-out/>
  <testcase classname="TestNgAnnotations.Excelltest" name="test" time="0.001"/>
  <system-out/>
</testsuite> <!-- TestNgAnnotations.Excelltest -->
