<?xml version="1.0" encoding="UTF-8"?>
<!-- Generated by org.testng.reporters.JUnitReportReporter -->
<testsuite hostname="LAPTOP-2TRHI9P1" failures="0" tests="4" name="com.ice_hrm_automation.TestingExamples.NewTest" time="0.008" errors="0" timestamp="2023-03-29T13:55:05 IST" skipped="0">
  <testcase classname="com.ice_hrm_automation.TestingExamples.NewTest" name="multiplication" time="0.000"/>
  <system-out/>
  <testcase classname="com.ice_hrm_automation.TestingExamples.NewTest" name="substraction" time="0.000"/>
  <system-out/>
  <testcase classname="com.ice_hrm_automation.TestingExamples.NewTest" name="addition" time="0.005"/>
  <system-out/>
  <testcase classname="com.ice_hrm_automation.TestingExamples.NewTest" name="division" time="0.003"/>
  <system-out/>
</testsuite> <!-- com.ice_hrm_automation.TestingExamples.NewTest -->
