<?xml version="1.0" encoding="UTF-8"?>
<!-- Generated by org.testng.reporters.JUnitReportReporter -->
<testsuite hostname="LAPTOP-2TRHI9P1" failures="0" tests="1" name="com.ice_hrm_automation.TestingExamples.TestIceHrmApplication" time="0.007" errors="0" timestamp="2023-03-14T19:52:30 IST" skipped="0">
  <testcase classname="com.ice_hrm_automation.TestingExamples.TestIceHrmApplication" name="login" time="0.007"/>
  <system-out/>
</testsuite> <!-- com.ice_hrm_automation.TestingExamples.TestIceHrmApplication -->
