<?xml version="1.0" encoding="UTF-8"?>
<!-- Generated by org.testng.reporters.JUnitReportReporter -->
<testsuite hostname="LAPTOP-2TRHI9P1" failures="0" tests="1" name="TestNgAnnotations.EmpTest" time="22.329" errors="0" timestamp="2023-04-18T16:41:56 IST" skipped="0">
  <testcase classname="TestNgAnnotations.EmpTest" name="ligin" time="22.329"/>
  <system-out/>
</testsuite> <!-- TestNgAnnotations.EmpTest -->
