<?xml version="1.0" encoding="UTF-8"?>
<!-- Generated by org.testng.reporters.JUnitReportReporter -->
<testsuite hostname="LAPTOP-2TRHI9P1" failures="0" tests="1" name="com.ice_hrm_automation.TestingExamples.AddEmpOrangeHrm" time="1.301" errors="0" timestamp="2023-04-24T10:43:16 IST" skipped="0">
  <testcase classname="com.ice_hrm_automation.TestingExamples.AddEmpOrangeHrm" name="test" time="1.301"/>
  <system-out/>
</testsuite> <!-- com.ice_hrm_automation.TestingExamples.AddEmpOrangeHrm -->
