<?xml version="1.0" encoding="UTF-8"?>
<!-- Generated by org.testng.reporters.JUnitReportReporter -->
<testsuite hostname="LAPTOP-2TRHI9P1" failures="0" tests="6" name="com.ice_hrm_automation.TestingExamples.icelogintest" time="16.239" errors="0" timestamp="2023-03-26T18:29:47 IST" skipped="0">
  <testcase classname="com.ice_hrm_automation.TestingExamples.icelogintest" name="verifyLogin" time="1.692"/>
  <system-out/>
  <testcase classname="com.ice_hrm_automation.TestingExamples.icelogintest" name="verifyLogin" time="1.497"/>
  <system-out/>
  <testcase classname="com.ice_hrm_automation.TestingExamples.icelogintest" name="verifyLogin" time="0.283"/>
  <system-out/>
  <testcase classname="com.ice_hrm_automation.TestingExamples.icelogintest" name="verifyLogin" time="10.550"/>
  <system-out/>
  <testcase classname="com.ice_hrm_automation.TestingExamples.icelogintest" name="verifyLogin" time="0.312"/>
  <system-out/>
  <testcase classname="com.ice_hrm_automation.TestingExamples.icelogintest" name="verifyLogin" time="1.905"/>
  <system-out/>
</testsuite> <!-- com.ice_hrm_automation.TestingExamples.icelogintest -->
