<?xml version="1.0" encoding="UTF-8"?>
<!-- Generated by org.testng.reporters.JUnitReportReporter -->
<testsuite hostname="LAPTOP-2TRHI9P1" failures="0" tests="6" name="Automationframework.iceHrm.icelogintest" time="28.888" errors="0" timestamp="2023-04-10T23:40:33 IST" skipped="0">
  <testcase classname="Automationframework.iceHrm.icelogintest" name="verifyLogin" time="0.164"/>
  <system-out/>
  <testcase classname="Automationframework.iceHrm.icelogintest" name="verifyLogin" time="1.322"/>
  <system-out/>
  <testcase classname="Automationframework.iceHrm.icelogintest" name="verifyLogin" time="0.212"/>
  <system-out/>
  <testcase classname="Automationframework.iceHrm.icelogintest" name="verifyLogin" time="1.470"/>
  <system-out/>
  <testcase classname="Automationframework.iceHrm.icelogintest" name="verifyLogin" time="24.297"/>
  <system-out/>
  <testcase classname="Automationframework.iceHrm.icelogintest" name="verifyLogin" time="1.423"/>
  <system-out/>
</testsuite> <!-- Automationframework.iceHrm.icelogintest -->
